root - ERROR - 0008-CD02 raised an error in skills_update file -- 2019-08-20_14-10-44
root - ERROR - 0008-CD02 raised an error in skills_update file -- 2019-08-20_14-17-57
root - ERROR - 0008-CD02 raised an error in skills_update file -- 2019-08-20_14-18-22
root - ERROR - 0008-CD02 raised an error in skills_update file -- 2019-08-20_14-18-53
root - ERROR - 0008-CD02 raised an error in skills_update file -- 2019-08-20_14-19-29
root - ERROR - 0008-CD02 raised an error in skills_update file -- 2019-08-20_14-21-25
root - ERROR - 0008-CD02 raised an error in skills_update file -- 2019-08-20_14-21-57
root - ERROR - 0008-CD02 raised an error in skills_update file -- 2019-08-20_14-22-38
root - ERROR - 0008-CD02 raised an error in skills_update file -- 2019-08-20_14-23-08
root - ERROR - 0008-CD02 raised an error in skills_update file -- 2019-08-20_14-23-32
root - ERROR - 0745-CC08 didnt exist as key in zip_alignment file -- 2019-08-26_13-09-39
root - ERROR - 0745-CC08 didnt exist as key in zip_alignment file -- 2019-08-26_13-09-39
root - ERROR - 0745-CC08 didnt exist as key in zip_alignment file -- 2019-08-26_13-09-39
root - ERROR - 0745-CC08 didnt exist as key in zip_alignment file -- 2019-08-26_13-09-39
root - ERROR - 0745-CC08 didnt exist as key in zip_alignment file -- 2019-08-26_13-09-39
root - ERROR - 0745-CC08 didnt exist as key in zip_alignment file -- 2019-08-26_13-09-39
root - ERROR - 0745-CC08 didnt exist as key in zip_alignment file -- 2019-08-26_13-09-39
root - ERROR - 0745-CC08 didnt exist as key in zip_alignment file -- 2019-08-26_13-09-39
root - ERROR - 0745-CC08 didnt exist as key in zip_alignment file -- 2019-08-26_13-09-39
root - ERROR - 0745-CC08 didnt exist as key in zip_alignment file -- 2019-08-26_13-09-39
root - ERROR - 0745-CC08 didnt exist as key in zip_alignment file -- 2019-08-26_13-09-39
root - ERROR - 0745-CC08 didnt exist as key in zip_alignment file -- 2019-08-26_13-09-39
root - ERROR - 0745-CC08 didnt exist as key in zip_alignment file -- 2019-08-26_13-09-39
root - ERROR - 0745-CC08 didnt exist as key in zip_alignment file -- 2019-08-26_13-09-39
root - ERROR - 0745-CC08 didnt exist as key in zip_alignment file -- 2019-08-26_13-09-39
root - ERROR - 0745-CC08 didnt exist as key in zip_alignment file -- 2019-08-26_13-09-39
root - ERROR - 0745-CC08 didnt exist as key in zip_alignment file -- 2019-08-26_13-09-39
root - ERROR - 0745-CC08 didnt exist as key in zip_alignment file -- 2019-08-26_13-09-39
root - ERROR - 0745-CC08 didnt exist as key in zip_alignment file -- 2019-08-26_13-09-39
root - ERROR - 0745-CC08 didnt exist as key in zip_alignment file -- 2019-08-26_13-09-39
root - ERROR - 0745-CC08 didnt exist as key in zip_alignment file -- 2019-08-26_13-09-39
root - ERROR - 0745-CC08 didnt exist as key in zip_alignment file -- 2019-08-26_13-09-39
root - ERROR - 0745-CC08 didnt exist as key in zip_alignment file -- 2019-08-26_13-09-39
root - ERROR - 0745-CC08 didnt exist as key in zip_alignment file -- 2019-08-26_13-09-39
root - ERROR - 0745-CC08 didnt exist as key in zip_alignment file -- 2019-08-26_13-09-39
root - ERROR - 0745-CC08 didnt exist as key in zip_alignment file -- 2019-08-26_13-09-39
root - ERROR - 0745-CC08 didnt exist as key in zip_alignment file -- 2019-08-26_13-09-39
root - ERROR - 0745-CC08 didnt exist as key in zip_alignment file -- 2019-08-26_13-09-39
root - ERROR - 0745-CC08 didnt exist as key in zip_alignment file -- 2019-08-26_13-09-39
root - ERROR - 0745-CC08 didnt exist as key in zip_alignment file -- 2019-08-26_13-09-39
root - ERROR - 0745-CC08 didnt exist as key in zip_alignment file -- 2019-08-26_13-09-39
root - ERROR - 0745-CC08 didnt exist as key in zip_alignment file -- 2019-08-26_13-09-39
root - ERROR - 0745-CC08 didnt exist as key in zip_alignment file -- 2019-08-26_13-09-39
root - ERROR - 0745-CC08 didnt exist as key in zip_alignment file -- 2019-08-26_13-09-39
root - ERROR - 0745-CC08 didnt exist as key in zip_alignment file -- 2019-08-26_13-09-39
root - ERROR - 0745-CC08 didnt exist as key in zip_alignment file -- 2019-08-26_13-09-39
root - ERROR - 0745-CC08 didnt exist as key in zip_alignment file -- 2019-08-26_13-09-39
root - ERROR - 0745-CC08 didnt exist as key in zip_alignment file -- 2019-08-26_13-09-39
root - ERROR - 0745-CC08 didnt exist as key in zip_alignment file -- 2019-08-26_13-09-39
root - ERROR - 0745-CC08 didnt exist as key in zip_alignment file -- 2019-08-26_13-09-39
root - ERROR - 0745-CC08 didnt exist as key in zip_alignment file -- 2019-08-26_13-09-39
root - ERROR - 0745-CC08 didnt exist as key in zip_alignment file -- 2019-08-26_13-09-39
root - ERROR - 0745-CC08 didnt exist as key in zip_alignment file -- 2019-08-26_13-09-39
root - ERROR - 0745-CC08 didnt exist as key in zip_alignment file -- 2019-08-26_13-09-39
root - ERROR - 0745-CC08 didnt exist as key in zip_alignment file -- 2019-08-26_13-09-39
root - ERROR - 0745-CC08 didnt exist as key in zip_alignment file -- 2019-08-26_13-09-39
root - ERROR - 0745-CC08 didnt exist as key in zip_alignment file -- 2019-08-26_13-09-39
root - ERROR - 0745-CC08 didnt exist as key in zip_alignment file -- 2019-08-26_13-09-39
root - ERROR - 0745-CC08 didnt exist as key in zip_alignment file -- 2019-08-26_13-09-39
root - ERROR - 0745-CC08 didnt exist as key in zip_alignment file -- 2019-08-26_13-09-39
root - ERROR - 0745-CC08 didnt exist as key in zip_alignment file -- 2019-08-26_13-09-39
root - ERROR - 0745-CC08 didnt exist as key in zip_alignment file -- 2019-08-26_13-09-39
root - ERROR - 0745-CC08 didnt exist as key in zip_alignment file -- 2019-08-26_13-09-39
root - ERROR - 0745-CC08 didnt exist as key in zip_alignment file -- 2019-08-26_13-09-39
root - ERROR - 0745-CC08 didnt exist as key in zip_alignment file -- 2019-08-26_13-09-39
root - ERROR - 0745-CC08 didnt exist as key in zip_alignment file -- 2019-08-26_13-09-39
root - ERROR - 0745-CC08 didnt exist as key in zip_alignment file -- 2019-08-26_13-09-39
root - ERROR - 0745-CC08 didnt exist as key in zip_alignment file -- 2019-08-26_13-09-39
root - ERROR - 0745-CC08 didnt exist as key in zip_alignment file -- 2019-08-26_13-09-39
root - ERROR - 0745-CC08 didnt exist as key in zip_alignment file -- 2019-08-26_13-09-39
root - ERROR - 0745-CC08 didnt exist as key in zip_alignment file -- 2019-08-26_13-09-39
root - ERROR - 0745-CC08 didnt exist as key in zip_alignment file -- 2019-08-26_13-10-39
root - ERROR - 0745-CC08 didnt exist as key in zip_alignment file -- 2019-08-26_13-10-39
root - ERROR - 0745-CC08 didnt exist as key in zip_alignment file -- 2019-08-26_13-10-39
root - ERROR - 0745-CC08 didnt exist as key in zip_alignment file -- 2019-08-26_13-10-39
root - ERROR - 0745-CC08 didnt exist as key in zip_alignment file -- 2019-08-26_13-10-39
root - ERROR - 0745-CC08 didnt exist as key in zip_alignment file -- 2019-08-26_13-10-39
root - ERROR - 0745-CC08 didnt exist as key in zip_alignment file -- 2019-08-26_13-10-39
root - ERROR - 0745-CC08 didnt exist as key in zip_alignment file -- 2019-08-26_13-10-39
root - ERROR - 0745-CC08 didnt exist as key in zip_alignment file -- 2019-08-26_13-10-39
root - ERROR - 0745-CC08 didnt exist as key in zip_alignment file -- 2019-08-26_13-10-39
root - ERROR - 0745-CC08 didnt exist as key in zip_alignment file -- 2019-08-26_13-10-39
root - ERROR - 0745-CC08 didnt exist as key in zip_alignment file -- 2019-08-26_13-10-39
root - ERROR - 0745-CC08 didnt exist as key in zip_alignment file -- 2019-08-26_13-10-39
root - ERROR - 0745-CC08 didnt exist as key in zip_alignment file -- 2019-08-26_13-10-39
root - ERROR - 0745-CC08 didnt exist as key in zip_alignment file -- 2019-08-26_13-10-39
root - ERROR - 0745-CC08 didnt exist as key in zip_alignment file -- 2019-08-26_13-10-39
root - ERROR - 0745-CC08 didnt exist as key in zip_alignment file -- 2019-08-26_13-10-39
root - ERROR - 0745-CC08 didnt exist as key in zip_alignment file -- 2019-08-26_13-10-39
root - ERROR - 0745-CC08 didnt exist as key in zip_alignment file -- 2019-08-26_13-10-39
root - ERROR - 0745-CC08 didnt exist as key in zip_alignment file -- 2019-08-26_13-10-39
root - ERROR - 0745-CC08 didnt exist as key in zip_alignment file -- 2019-08-26_13-10-39
root - ERROR - 0745-CC08 didnt exist as key in zip_alignment file -- 2019-08-26_13-10-39
root - ERROR - 0745-CC08 didnt exist as key in zip_alignment file -- 2019-08-26_13-10-39
root - ERROR - 0745-CC08 didnt exist as key in zip_alignment file -- 2019-08-26_13-10-39
root - ERROR - 0745-CC08 didnt exist as key in zip_alignment file -- 2019-08-26_13-10-39
root - ERROR - 0745-CC08 didnt exist as key in zip_alignment file -- 2019-08-26_13-10-39
root - ERROR - 0745-CC08 didnt exist as key in zip_alignment file -- 2019-08-26_13-10-39
root - ERROR - 0745-CC08 didnt exist as key in zip_alignment file -- 2019-08-26_13-10-39
root - ERROR - 0745-CC08 didnt exist as key in zip_alignment file -- 2019-08-26_13-10-39
root - ERROR - 0745-CC08 didnt exist as key in zip_alignment file -- 2019-08-26_13-10-39
root - ERROR - 0745-CC08 didnt exist as key in zip_alignment file -- 2019-08-26_13-10-39
root - ERROR - 0745-CC08 didnt exist as key in zip_alignment file -- 2019-08-26_13-10-39
root - ERROR - 0745-CC08 didnt exist as key in zip_alignment file -- 2019-08-26_13-10-39
root - ERROR - 0745-CC08 didnt exist as key in zip_alignment file -- 2019-08-26_13-10-39
root - ERROR - 0745-CC08 didnt exist as key in zip_alignment file -- 2019-08-26_13-10-39
root - ERROR - 0745-CC08 didnt exist as key in zip_alignment file -- 2019-08-26_13-10-39
root - ERROR - 0745-CC08 didnt exist as key in zip_alignment file -- 2019-08-26_13-10-39
root - ERROR - 0745-CC08 didnt exist as key in zip_alignment file -- 2019-08-26_13-10-39
root - ERROR - 0745-CC08 didnt exist as key in zip_alignment file -- 2019-08-26_13-10-39
root - ERROR - 0745-CC08 didnt exist as key in zip_alignment file -- 2019-08-26_13-10-39
root - ERROR - 0745-CC08 didnt exist as key in zip_alignment file -- 2019-08-26_13-10-39
root - ERROR - 0745-CC08 didnt exist as key in zip_alignment file -- 2019-08-26_13-10-39
root - ERROR - 0745-CC08 didnt exist as key in zip_alignment file -- 2019-08-26_13-10-39
root - ERROR - 0745-CC08 didnt exist as key in zip_alignment file -- 2019-08-26_13-10-39
root - ERROR - 0745-CC08 didnt exist as key in zip_alignment file -- 2019-08-26_13-10-39
root - ERROR - 0745-CC08 didnt exist as key in zip_alignment file -- 2019-08-26_13-10-39
root - ERROR - 0745-CC08 didnt exist as key in zip_alignment file -- 2019-08-26_13-10-39
root - ERROR - 0745-CC08 didnt exist as key in zip_alignment file -- 2019-08-26_13-10-39
root - ERROR - 0745-CC08 didnt exist as key in zip_alignment file -- 2019-08-26_13-10-39
root - ERROR - 0745-CC08 didnt exist as key in zip_alignment file -- 2019-08-26_13-10-39
root - ERROR - 0745-CC08 didnt exist as key in zip_alignment file -- 2019-08-26_13-10-39
root - ERROR - 0745-CC08 didnt exist as key in zip_alignment file -- 2019-08-26_13-10-39
root - ERROR - 0745-CC08 didnt exist as key in zip_alignment file -- 2019-08-26_13-10-39
root - ERROR - 0745-CC08 didnt exist as key in zip_alignment file -- 2019-08-26_13-10-39
root - ERROR - 0745-CC08 didnt exist as key in zip_alignment file -- 2019-08-26_13-10-39
root - ERROR - 0745-CC08 didnt exist as key in zip_alignment file -- 2019-08-26_13-10-39
root - ERROR - 0745-CC08 didnt exist as key in zip_alignment file -- 2019-08-26_13-10-39
root - ERROR - 0745-CC08 didnt exist as key in zip_alignment file -- 2019-08-26_13-10-39
root - ERROR - 0745-CC08 didnt exist as key in zip_alignment file -- 2019-08-26_13-10-39
root - ERROR - 0745-CC08 didnt exist as key in zip_alignment file -- 2019-08-26_13-10-39
root - ERROR - 0745-CC08 didnt exist as key in zip_alignment file -- 2019-08-26_13-10-39
root - ERROR - 0745-CC08 didnt exist as key in zip_alignment file -- 2019-08-26_13-10-52
root - ERROR - 0745-CC08 didnt exist as key in zip_alignment file -- 2019-08-26_13-10-52
root - ERROR - 0745-CC08 didnt exist as key in zip_alignment file -- 2019-08-26_13-10-52
root - ERROR - 0745-CC08 didnt exist as key in zip_alignment file -- 2019-08-26_13-10-52
root - ERROR - 0745-CC08 didnt exist as key in zip_alignment file -- 2019-08-26_13-10-52
root - ERROR - 0745-CC08 didnt exist as key in zip_alignment file -- 2019-08-26_13-10-52
root - ERROR - 0745-CC08 didnt exist as key in zip_alignment file -- 2019-08-26_13-10-52
root - ERROR - 0745-CC08 didnt exist as key in zip_alignment file -- 2019-08-26_13-10-52
root - ERROR - 0745-CC08 didnt exist as key in zip_alignment file -- 2019-08-26_13-10-52
root - ERROR - 0745-CC08 didnt exist as key in zip_alignment file -- 2019-08-26_13-10-52
root - ERROR - 0745-CC08 didnt exist as key in zip_alignment file -- 2019-08-26_13-10-52
root - ERROR - 0745-CC08 didnt exist as key in zip_alignment file -- 2019-08-26_13-10-52
root - ERROR - 0745-CC08 didnt exist as key in zip_alignment file -- 2019-08-26_13-10-52
root - ERROR - 0745-CC08 didnt exist as key in zip_alignment file -- 2019-08-26_13-10-52
root - ERROR - 0745-CC08 didnt exist as key in zip_alignment file -- 2019-08-26_13-10-52
root - ERROR - 0745-CC08 didnt exist as key in zip_alignment file -- 2019-08-26_13-10-52
root - ERROR - 0745-CC08 didnt exist as key in zip_alignment file -- 2019-08-26_13-10-52
root - ERROR - 0745-CC08 didnt exist as key in zip_alignment file -- 2019-08-26_13-10-52
root - ERROR - 0745-CC08 didnt exist as key in zip_alignment file -- 2019-08-26_13-10-52
root - ERROR - 0745-CC08 didnt exist as key in zip_alignment file -- 2019-08-26_13-10-52
root - ERROR - 0745-CC08 didnt exist as key in zip_alignment file -- 2019-08-26_13-10-52
root - ERROR - 0745-CC08 didnt exist as key in zip_alignment file -- 2019-08-26_13-10-52
root - ERROR - 0745-CC08 didnt exist as key in zip_alignment file -- 2019-08-26_13-10-52
root - ERROR - 0745-CC08 didnt exist as key in zip_alignment file -- 2019-08-26_13-10-52
root - ERROR - 0745-CC08 didnt exist as key in zip_alignment file -- 2019-08-26_13-10-52
root - ERROR - 0745-CC08 didnt exist as key in zip_alignment file -- 2019-08-26_13-10-52
root - ERROR - 0745-CC08 didnt exist as key in zip_alignment file -- 2019-08-26_13-10-52
root - ERROR - 0745-CC08 didnt exist as key in zip_alignment file -- 2019-08-26_13-10-52
root - ERROR - 0745-CC08 didnt exist as key in zip_alignment file -- 2019-08-26_13-10-52
root - ERROR - 0745-CC08 didnt exist as key in zip_alignment file -- 2019-08-26_13-10-52
root - ERROR - 0745-CC08 didnt exist as key in zip_alignment file -- 2019-08-26_13-10-52
root - ERROR - 0745-CC08 didnt exist as key in zip_alignment file -- 2019-08-26_13-10-52
root - ERROR - 0745-CC08 didnt exist as key in zip_alignment file -- 2019-08-26_13-10-52
root - ERROR - 0745-CC08 didnt exist as key in zip_alignment file -- 2019-08-26_13-10-52
root - ERROR - 0745-CC08 didnt exist as key in zip_alignment file -- 2019-08-26_13-10-52
root - ERROR - 0745-CC08 didnt exist as key in zip_alignment file -- 2019-08-26_13-10-52
root - ERROR - 0745-CC08 didnt exist as key in zip_alignment file -- 2019-08-26_13-10-52
root - ERROR - 0745-CC08 didnt exist as key in zip_alignment file -- 2019-08-26_13-10-52
root - ERROR - 0745-CC08 didnt exist as key in zip_alignment file -- 2019-08-26_13-10-52
root - ERROR - 0745-CC08 didnt exist as key in zip_alignment file -- 2019-08-26_13-10-52
root - ERROR - 0745-CC08 didnt exist as key in zip_alignment file -- 2019-08-26_13-10-52
root - ERROR - 0745-CC08 didnt exist as key in zip_alignment file -- 2019-08-26_13-10-52
root - ERROR - 0745-CC08 didnt exist as key in zip_alignment file -- 2019-08-26_13-10-52
root - ERROR - 0745-CC08 didnt exist as key in zip_alignment file -- 2019-08-26_13-10-52
root - ERROR - 0745-CC08 didnt exist as key in zip_alignment file -- 2019-08-26_13-10-52
root - ERROR - 0745-CC08 didnt exist as key in zip_alignment file -- 2019-08-26_13-10-52
root - ERROR - 0745-CC08 didnt exist as key in zip_alignment file -- 2019-08-26_13-10-52
root - ERROR - 0745-CC08 didnt exist as key in zip_alignment file -- 2019-08-26_13-10-52
root - ERROR - 0745-CC08 didnt exist as key in zip_alignment file -- 2019-08-26_13-10-52
root - ERROR - 0745-CC08 didnt exist as key in zip_alignment file -- 2019-08-26_13-10-52
root - ERROR - 0745-CC08 didnt exist as key in zip_alignment file -- 2019-08-26_13-10-52
root - ERROR - 0745-CC08 didnt exist as key in zip_alignment file -- 2019-08-26_13-10-52
root - ERROR - 0745-CC08 didnt exist as key in zip_alignment file -- 2019-08-26_13-10-52
root - ERROR - 0745-CC08 didnt exist as key in zip_alignment file -- 2019-08-26_13-10-52
root - ERROR - 0745-CC08 didnt exist as key in zip_alignment file -- 2019-08-26_13-10-52
root - ERROR - 0745-CC08 didnt exist as key in zip_alignment file -- 2019-08-26_13-10-52
root - ERROR - 0745-CC08 didnt exist as key in zip_alignment file -- 2019-08-26_13-10-52
root - ERROR - 0745-CC08 didnt exist as key in zip_alignment file -- 2019-08-26_13-10-52
root - ERROR - 0745-CC08 didnt exist as key in zip_alignment file -- 2019-08-26_13-10-52
root - ERROR - 0745-CC08 didnt exist as key in zip_alignment file -- 2019-08-26_13-10-52
root - ERROR - 0745-CC08 didnt exist as key in zip_alignment file -- 2019-08-26_13-10-52
root - ERROR - 0745-CC08 didnt exist as key in zip_alignment file -- 2019-08-26_13-19-51
root - ERROR - 0745-CC08 didnt exist as key in zip_alignment file -- 2019-08-26_13-19-51
root - ERROR - 0745-CC08 didnt exist as key in zip_alignment file -- 2019-08-26_13-19-51
root - ERROR - 0745-CC08 didnt exist as key in zip_alignment file -- 2019-08-26_13-19-51
root - ERROR - 0745-CC08 didnt exist as key in zip_alignment file -- 2019-08-26_13-19-51
root - ERROR - 0745-CC08 didnt exist as key in zip_alignment file -- 2019-08-26_13-19-51
root - ERROR - 0745-CC08 didnt exist as key in zip_alignment file -- 2019-08-26_13-19-51
root - ERROR - 0745-CC08 didnt exist as key in zip_alignment file -- 2019-08-26_13-19-51
root - ERROR - 0745-CC08 didnt exist as key in zip_alignment file -- 2019-08-26_13-19-51
root - ERROR - 0745-CC08 didnt exist as key in zip_alignment file -- 2019-08-26_13-19-51
root - ERROR - 0745-CC08 didnt exist as key in zip_alignment file -- 2019-08-26_13-19-51
root - ERROR - 0745-CC08 didnt exist as key in zip_alignment file -- 2019-08-26_13-19-51
root - ERROR - 0745-CC08 didnt exist as key in zip_alignment file -- 2019-08-26_13-19-51
root - ERROR - 0745-CC08 didnt exist as key in zip_alignment file -- 2019-08-26_13-19-51
root - ERROR - 0745-CC08 didnt exist as key in zip_alignment file -- 2019-08-26_13-19-51
root - ERROR - 0745-CC08 didnt exist as key in zip_alignment file -- 2019-08-26_13-19-51
root - ERROR - 0745-CC08 didnt exist as key in zip_alignment file -- 2019-08-26_13-19-51
root - ERROR - 0745-CC08 didnt exist as key in zip_alignment file -- 2019-08-26_13-19-51
root - ERROR - 0745-CC08 didnt exist as key in zip_alignment file -- 2019-08-26_13-19-51
root - ERROR - 0745-CC08 didnt exist as key in zip_alignment file -- 2019-08-26_13-19-51
root - ERROR - 0745-CC08 didnt exist as key in zip_alignment file -- 2019-08-26_13-19-51
root - ERROR - 0745-CC08 didnt exist as key in zip_alignment file -- 2019-08-26_13-19-51
root - ERROR - 0745-CC08 didnt exist as key in zip_alignment file -- 2019-08-26_13-19-51
root - ERROR - 0745-CC08 didnt exist as key in zip_alignment file -- 2019-08-26_13-19-51
root - ERROR - 0745-CC08 didnt exist as key in zip_alignment file -- 2019-08-26_13-19-51
root - ERROR - 0745-CC08 didnt exist as key in zip_alignment file -- 2019-08-26_13-19-51
root - ERROR - 0745-CC08 didnt exist as key in zip_alignment file -- 2019-08-26_13-19-51
root - ERROR - 0745-CC08 didnt exist as key in zip_alignment file -- 2019-08-26_13-19-51
root - ERROR - 0745-CC08 didnt exist as key in zip_alignment file -- 2019-08-26_13-19-51
root - ERROR - 0745-CC08 didnt exist as key in zip_alignment file -- 2019-08-26_13-19-51
root - ERROR - 0745-CC08 didnt exist as key in zip_alignment file -- 2019-08-26_13-19-51
root - ERROR - 0745-CC08 didnt exist as key in zip_alignment file -- 2019-08-26_13-19-51
root - ERROR - 0745-CC08 didnt exist as key in zip_alignment file -- 2019-08-26_13-19-51
root - ERROR - 0745-CC08 didnt exist as key in zip_alignment file -- 2019-08-26_13-19-51
root - ERROR - 0745-CC08 didnt exist as key in zip_alignment file -- 2019-08-26_13-19-51
root - ERROR - 0745-CC08 didnt exist as key in zip_alignment file -- 2019-08-26_13-19-51
root - ERROR - 0745-CC08 didnt exist as key in zip_alignment file -- 2019-08-26_13-19-51
root - ERROR - 0745-CC08 didnt exist as key in zip_alignment file -- 2019-08-26_13-19-51
root - ERROR - 0745-CC08 didnt exist as key in zip_alignment file -- 2019-08-26_13-19-51
root - ERROR - 0745-CC08 didnt exist as key in zip_alignment file -- 2019-08-26_13-19-51
root - ERROR - 0745-CC08 didnt exist as key in zip_alignment file -- 2019-08-26_13-19-51
root - ERROR - 0745-CC08 didnt exist as key in zip_alignment file -- 2019-08-26_13-19-51
root - ERROR - 0745-CC08 didnt exist as key in zip_alignment file -- 2019-08-26_13-19-51
root - ERROR - 0745-CC08 didnt exist as key in zip_alignment file -- 2019-08-26_13-19-51
root - ERROR - 0745-CC08 didnt exist as key in zip_alignment file -- 2019-08-26_13-19-51
root - ERROR - 0745-CC08 didnt exist as key in zip_alignment file -- 2019-08-26_13-19-51
root - ERROR - 0745-CC08 didnt exist as key in zip_alignment file -- 2019-08-26_13-19-51
root - ERROR - 0745-CC08 didnt exist as key in zip_alignment file -- 2019-08-26_13-19-51
root - ERROR - 0745-CC08 didnt exist as key in zip_alignment file -- 2019-08-26_13-19-51
root - ERROR - 0745-CC08 didnt exist as key in zip_alignment file -- 2019-08-26_13-19-51
root - ERROR - 0745-CC08 didnt exist as key in zip_alignment file -- 2019-08-26_13-19-51
root - ERROR - 0745-CC08 didnt exist as key in zip_alignment file -- 2019-08-26_13-19-51
root - ERROR - 0745-CC08 didnt exist as key in zip_alignment file -- 2019-08-26_13-19-51
root - ERROR - 0745-CC08 didnt exist as key in zip_alignment file -- 2019-08-26_13-19-51
root - ERROR - 0745-CC08 didnt exist as key in zip_alignment file -- 2019-08-26_13-19-51
root - ERROR - 0745-CC08 didnt exist as key in zip_alignment file -- 2019-08-26_13-19-51
root - ERROR - 0745-CC08 didnt exist as key in zip_alignment file -- 2019-08-26_13-19-51
root - ERROR - 0745-CC08 didnt exist as key in zip_alignment file -- 2019-08-26_13-19-51
root - ERROR - 0745-CC08 didnt exist as key in zip_alignment file -- 2019-08-26_13-19-51
root - ERROR - 0745-CC08 didnt exist as key in zip_alignment file -- 2019-08-26_13-19-51
root - ERROR - 0745-CC08 didnt exist as key in zip_alignment file -- 2019-08-26_13-19-51
root - ERROR - [{'message': 'operation performed with inactive user [005f4000002lAAC] as owner of 01If4000001GrkW', 'errorCode': 'INACTIVE_OWNER_OR_USER', 'fields': []}] -- There was an error updating skillset mapping for --  0198-CC01 --- 2019-08-26_14-14-26 --- a2U1V000000sbJYUAY
root - ERROR - [{'message': 'operation performed with inactive user [005f4000002lAAC] as owner of 01If4000001GrkW', 'errorCode': 'INACTIVE_OWNER_OR_USER', 'fields': []}] -- There was an error updating skillset mapping for --  0198-CC01 --- 2019-08-26_14-14-26 --- a2U1V000000sbJZUAY
root - ERROR - [{'message': 'operation performed with inactive user [005f4000002lAHJ] as owner of 01If4000001GrkW', 'errorCode': 'INACTIVE_OWNER_OR_USER', 'fields': []}] -- There was an error updating skillset mapping for --  0198-CC05 --- 2019-08-26_14-14-26 --- a2U1V000000sbJcUAI
root - ERROR - [{'message': 'operation performed with inactive user [005f4000002lAHJ] as owner of 01If4000001GrkW', 'errorCode': 'INACTIVE_OWNER_OR_USER', 'fields': []}] -- There was an error updating skillset mapping for --  0198-CC05 --- 2019-08-26_14-14-26 --- a2U1V000000sbJdUAI
root - ERROR - [{'message': 'operation performed with inactive user [005f4000002lAAC] as owner of 01If4000001GrkW', 'errorCode': 'INACTIVE_OWNER_OR_USER', 'fields': []}] -- There was an error updating skillset mapping for --  0198-CC01 --- 2019-08-26_17-15-05 --- a2U1V000000sbJYUAY
root - ERROR - [{'message': 'operation performed with inactive user [005f4000002lAAC] as owner of 01If4000001GrkW', 'errorCode': 'INACTIVE_OWNER_OR_USER', 'fields': []}] -- There was an error updating skillset mapping for --  0198-CC01 --- 2019-08-26_17-15-05 --- a2U1V000000sbJZUAY
root - ERROR - [{'message': 'operation performed with inactive user [005f4000002lAHJ] as owner of 01If4000001GrkW', 'errorCode': 'INACTIVE_OWNER_OR_USER', 'fields': []}] -- There was an error updating skillset mapping for --  0198-CC05 --- 2019-08-26_17-15-05 --- a2U1V000000sbJcUAI
root - ERROR - [{'message': 'operation performed with inactive user [005f4000002lAHJ] as owner of 01If4000001GrkW', 'errorCode': 'INACTIVE_OWNER_OR_USER', 'fields': []}] -- There was an error updating skillset mapping for --  0198-CC05 --- 2019-08-26_17-15-05 --- a2U1V000000sbJdUAI
root - ERROR - POOP-CC08 raised an error in skills_update file -- 2019-08-26_17-28-10
root - ERROR - POOP-CC08 raised an error in skills_update file -- 2019-08-26_17-28-37
root - ERROR - nan raised an error in skills_update file -- 2019-08-26_17-15-05
root - ERROR - nan raised an error in skills_update file -- 2019-08-26_17-15-05
root - ERROR - nan raised an error in skills_update file -- 2019-08-26_17-15-05
root - ERROR - nan raised an error in skills_update file -- 2019-08-26_17-15-05
root - ERROR - nan raised an error in skills_update file -- 2019-08-26_17-15-05
root - ERROR - nan raised an error in skills_update file -- 2019-08-26_17-15-05
root - ERROR - nan raised an error in skills_update file -- 2019-08-26_17-15-05
root - ERROR - nan raised an error in skills_update file -- 2019-08-26_17-15-05
root - ERROR - nan raised an error in skills_update file -- 2019-08-26_17-15-05
root - ERROR - nan raised an error in skills_update file -- 2019-08-26_17-15-05
root - ERROR - nan raised an error in skills_update file -- 2019-08-26_17-15-05
root - ERROR - nan raised an error in skills_update file -- 2019-08-26_17-15-05
root - ERROR - nan raised an error in skills_update file -- 2019-08-26_17-15-05
root - ERROR - nan raised an error in skills_update file -- 2019-08-26_17-15-05
root - ERROR - nan raised an error in skills_update file -- 2019-08-26_17-15-05
root - ERROR - nan raised an error in skills_update file -- 2019-08-26_17-15-05
root - ERROR - nan raised an error in skills_update file -- 2019-08-26_17-15-05
root - ERROR - nan raised an error in skills_update file -- 2019-08-26_17-15-05
root - ERROR - nan raised an error in skills_update file -- 2019-08-26_17-15-05
root - ERROR - nan raised an error in skills_update file -- 2019-08-26_17-15-05
root - ERROR - nan raised an error in skills_update file -- 2019-08-26_17-15-05
root - ERROR - nan raised an error in skills_update file -- 2019-08-26_17-15-05
root - ERROR - nan raised an error in skills_update file -- 2019-08-26_17-15-05
root - ERROR - nan raised an error in skills_update file -- 2019-08-26_17-15-05
root - ERROR - nan raised an error in skills_update file -- 2019-08-26_17-15-05
root - ERROR - nan raised an error in skills_update file -- 2019-08-26_17-15-05
root - ERROR - nan raised an error in skills_update file -- 2019-08-26_17-15-05
root - ERROR - nan raised an error in skills_update file -- 2019-08-26_17-15-05
root - ERROR - nan raised an error in skills_update file -- 2019-08-26_17-15-05
root - ERROR - nan raised an error in skills_update file -- 2019-08-26_17-15-05
root - ERROR - nan raised an error in skills_update file -- 2019-08-26_17-15-05
root - ERROR - nan raised an error in skills_update file -- 2019-08-26_17-15-05
root - ERROR - nan raised an error in skills_update file -- 2019-08-26_17-15-05
root - ERROR - nan raised an error in skills_update file -- 2019-08-26_17-15-05
root - ERROR - nan raised an error in skills_update file -- 2019-08-26_17-15-05
root - ERROR - nan raised an error in skills_update file -- 2019-08-26_17-15-05
root - ERROR - nan raised an error in skills_update file -- 2019-08-26_17-15-05
root - ERROR - nan raised an error in skills_update file -- 2019-08-26_17-15-05
root - ERROR - nan raised an error in skills_update file -- 2019-08-26_17-15-05
root - ERROR - nan raised an error in skills_update file -- 2019-08-26_17-15-05
root - ERROR - nan raised an error in skills_update file -- 2019-08-26_17-15-05
root - ERROR - nan raised an error in skills_update file -- 2019-08-26_17-15-05
root - ERROR - nan raised an error in skills_update file -- 2019-08-26_17-15-05
root - ERROR - nan raised an error in skills_update file -- 2019-08-26_17-15-05
root - ERROR - nan raised an error in skills_update file -- 2019-08-26_17-15-05
root - ERROR - nan raised an error in skills_update file -- 2019-08-26_17-15-05
root - ERROR - nan raised an error in skills_update file -- 2019-08-26_17-15-05
root - ERROR - nan raised an error in skills_update file -- 2019-08-26_17-15-05
root - ERROR - nan raised an error in skills_update file -- 2019-08-26_17-15-05
root - ERROR - nan raised an error in skills_update file -- 2019-08-26_17-15-05
root - ERROR - nan raised an error in skills_update file -- 2019-08-26_17-15-05
root - ERROR - nan raised an error in skills_update file -- 2019-08-26_17-15-05
root - ERROR - nan raised an error in skills_update file -- 2019-08-26_17-15-05
root - ERROR - nan raised an error in skills_update file -- 2019-08-26_17-15-05
root - ERROR - nan raised an error in skills_update file -- 2019-08-26_17-15-05
root - ERROR - nan raised an error in skills_update file -- 2019-08-26_17-15-05
root - ERROR - nan raised an error in skills_update file -- 2019-08-26_17-15-05
root - ERROR - nan raised an error in skills_update file -- 2019-08-26_17-15-05
root - ERROR - nan raised an error in skills_update file -- 2019-08-26_17-15-05
root - ERROR - nan raised an error in skills_update file -- 2019-08-26_17-15-05
root - ERROR - nan raised an error in skills_update file -- 2019-08-26_17-15-05
root - ERROR - nan raised an error in skills_update file -- 2019-08-26_17-15-05
root - ERROR - nan raised an error in skills_update file -- 2019-08-26_17-15-05
root - ERROR - nan raised an error in skills_update file -- 2019-08-26_17-15-05
root - ERROR - nan raised an error in skills_update file -- 2019-08-26_17-15-05
root - ERROR - nan raised an error in skills_update file -- 2019-08-26_17-15-05
root - ERROR - nan raised an error in skills_update file -- 2019-08-26_17-15-05
root - ERROR - nan raised an error in skills_update file -- 2019-08-26_17-15-05
root - ERROR - nan raised an error in skills_update file -- 2019-08-26_17-15-05
root - ERROR - nan raised an error in skills_update file -- 2019-08-26_17-15-05
root - ERROR - nan raised an error in skills_update file -- 2019-08-26_17-15-05
root - ERROR - nan raised an error in skills_update file -- 2019-08-26_17-15-05
root - ERROR - nan raised an error in skills_update file -- 2019-08-26_17-15-05
root - ERROR - nan raised an error in skills_update file -- 2019-08-26_17-15-05
root - ERROR - nan raised an error in skills_update file -- 2019-08-26_17-15-05
root - ERROR - nan raised an error in skills_update file -- 2019-08-26_17-15-05
root - ERROR - nan raised an error in skills_update file -- 2019-08-26_17-15-05
root - ERROR - nan raised an error in skills_update file -- 2019-08-26_17-15-05
root - ERROR - nan raised an error in skills_update file -- 2019-08-26_17-15-05
root - ERROR - nan raised an error in skills_update file -- 2019-08-26_17-15-05
root - ERROR - nan raised an error in skills_update file -- 2019-08-26_17-15-05
root - ERROR - nan raised an error in skills_update file -- 2019-08-26_17-15-05
root - ERROR - nan raised an error in skills_update file -- 2019-08-26_17-15-05
root - ERROR - nan raised an error in skills_update file -- 2019-08-26_17-15-05
root - ERROR - nan raised an error in skills_update file -- 2019-08-26_17-15-05
root - ERROR - nan raised an error in skills_update file -- 2019-08-26_17-15-05
root - ERROR - nan raised an error in skills_update file -- 2019-08-26_17-15-05
root - ERROR - nan raised an error in skills_update file -- 2019-08-26_17-15-05
root - ERROR - nan raised an error in skills_update file -- 2019-08-26_17-15-05
root - ERROR - nan raised an error in skills_update file -- 2019-08-26_17-15-05
root - ERROR - nan raised an error in skills_update file -- 2019-08-26_17-15-05
root - ERROR - nan raised an error in skills_update file -- 2019-08-26_17-15-05
root - ERROR - nan raised an error in skills_update file -- 2019-08-26_17-15-05
root - ERROR - nan raised an error in skills_update file -- 2019-08-26_17-15-05
root - ERROR - nan raised an error in skills_update file -- 2019-08-26_17-15-05
root - ERROR - nan raised an error in skills_update file -- 2019-08-26_17-15-05
root - ERROR - nan raised an error in skills_update file -- 2019-08-26_17-15-05
root - ERROR - nan raised an error in skills_update file -- 2019-08-26_17-15-05
root - ERROR - nan raised an error in skills_update file -- 2019-08-26_17-15-05
root - ERROR - nan raised an error in skills_update file -- 2019-08-26_17-15-05
root - ERROR - nan raised an error in skills_update file -- 2019-08-26_17-15-05
root - ERROR - nan raised an error in skills_update file -- 2019-08-26_17-15-05
root - ERROR - nan raised an error in skills_update file -- 2019-08-26_17-15-05
root - ERROR - nan raised an error in skills_update file -- 2019-08-26_17-15-05
root - ERROR - nan raised an error in skills_update file -- 2019-08-26_17-15-05
root - ERROR - nan raised an error in skills_update file -- 2019-08-26_17-15-05
root - ERROR - nan raised an error in skills_update file -- 2019-08-26_17-15-05
root - ERROR - nan raised an error in skills_update file -- 2019-08-26_17-15-05
root - ERROR - nan raised an error in skills_update file -- 2019-08-26_17-15-05
root - ERROR - nan raised an error in skills_update file -- 2019-08-26_17-15-05
root - ERROR - nan raised an error in skills_update file -- 2019-08-26_17-15-05
root - ERROR - nan raised an error in skills_update file -- 2019-08-26_17-15-05
root - ERROR - nan raised an error in skills_update file -- 2019-08-26_17-15-05
root - ERROR - nan raised an error in skills_update file -- 2019-08-26_17-15-05
root - ERROR - nan raised an error in skills_update file -- 2019-08-26_17-15-05
root - ERROR - nan raised an error in skills_update file -- 2019-08-26_17-15-05
root - ERROR - nan raised an error in skills_update file -- 2019-08-26_17-15-05
root - ERROR - nan raised an error in skills_update file -- 2019-08-26_17-15-05
root - ERROR - nan raised an error in skills_update file -- 2019-08-26_17-15-05
root - ERROR - nan raised an error in skills_update file -- 2019-08-26_17-15-05
root - ERROR - nan raised an error in skills_update file -- 2019-08-26_17-15-05
root - ERROR - nan raised an error in skills_update file -- 2019-08-26_17-15-05
root - ERROR - nan raised an error in skills_update file -- 2019-08-26_17-15-05
root - ERROR - nan raised an error in skills_update file -- 2019-08-26_17-15-05
root - ERROR - nan raised an error in skills_update file -- 2019-08-26_17-15-05
root - ERROR - nan raised an error in skills_update file -- 2019-08-26_17-15-05
root - ERROR - nan raised an error in skills_update file -- 2019-08-26_17-15-05
root - ERROR - nan raised an error in skills_update file -- 2019-08-26_17-15-05
root - ERROR - nan raised an error in skills_update file -- 2019-08-26_17-15-05
root - ERROR - nan raised an error in skills_update file -- 2019-08-26_17-15-05
root - ERROR - nan raised an error in skills_update file -- 2019-08-26_17-15-05
root - ERROR - nan raised an error in skills_update file -- 2019-08-26_17-15-05
root - ERROR - nan raised an error in skills_update file -- 2019-08-26_17-15-05
root - ERROR - nan raised an error in skills_update file -- 2019-08-26_17-15-05
root - ERROR - nan raised an error in skills_update file -- 2019-08-26_17-15-05
root - ERROR - nan raised an error in skills_update file -- 2019-08-26_17-15-05
root - ERROR - nan raised an error in skills_update file -- 2019-08-26_17-15-05
root - ERROR - nan raised an error in skills_update file -- 2019-08-26_17-15-05
root - ERROR - nan raised an error in skills_update file -- 2019-08-26_17-15-05
root - ERROR - nan raised an error in skills_update file -- 2019-08-26_17-15-05
root - ERROR - nan raised an error in skills_update file -- 2019-08-26_17-15-05
root - ERROR - nan raised an error in skills_update file -- 2019-08-26_17-15-05
root - ERROR - nan raised an error in skills_update file -- 2019-08-26_17-15-05
root - ERROR - nan raised an error in skills_update file -- 2019-08-26_17-15-05
root - ERROR - nan raised an error in skills_update file -- 2019-08-26_17-15-05
root - ERROR - nan raised an error in skills_update file -- 2019-08-26_17-15-05
root - ERROR - nan raised an error in skills_update file -- 2019-08-26_17-15-05
root - ERROR - nan raised an error in skills_update file -- 2019-08-26_17-15-05
root - ERROR - nan raised an error in skills_update file -- 2019-08-26_17-15-05
root - ERROR - nan raised an error in skills_update file -- 2019-08-26_17-15-05
root - ERROR - nan raised an error in skills_update file -- 2019-08-26_17-15-05
root - ERROR - nan raised an error in skills_update file -- 2019-08-26_17-15-05
root - ERROR - nan raised an error in skills_update file -- 2019-08-26_17-15-05
root - ERROR - nan raised an error in skills_update file -- 2019-08-26_17-15-05
root - ERROR - nan raised an error in skills_update file -- 2019-08-26_17-15-05
root - ERROR - nan raised an error in skills_update file -- 2019-08-26_17-15-05
root - ERROR - nan raised an error in skills_update file -- 2019-08-26_17-15-05
root - ERROR - nan raised an error in skills_update file -- 2019-08-26_17-15-05
root - ERROR - nan raised an error in skills_update file -- 2019-08-26_17-15-05
root - ERROR - nan raised an error in skills_update file -- 2019-08-26_17-15-05
root - ERROR - nan raised an error in skills_update file -- 2019-08-26_17-15-05
root - ERROR - nan raised an error in skills_update file -- 2019-08-26_17-15-05
root - ERROR - nan raised an error in skills_update file -- 2019-08-26_17-15-05
root - ERROR - nan raised an error in skills_update file -- 2019-08-26_17-15-05
root - ERROR - nan raised an error in skills_update file -- 2019-08-26_17-15-05
root - ERROR - nan raised an error in skills_update file -- 2019-08-26_17-15-05
root - ERROR - nan raised an error in skills_update file -- 2019-08-26_17-15-05
root - ERROR - nan raised an error in skills_update file -- 2019-08-26_17-15-05
root - ERROR - nan raised an error in skills_update file -- 2019-08-26_17-15-05
root - ERROR - nan raised an error in skills_update file -- 2019-08-26_17-15-05
root - ERROR - nan raised an error in skills_update file -- 2019-08-26_17-15-05
root - ERROR - nan raised an error in skills_update file -- 2019-08-26_17-15-05
root - ERROR - nan raised an error in skills_update file -- 2019-08-26_17-15-05
root - ERROR - nan raised an error in skills_update file -- 2019-08-28_15-27-34
root - ERROR - nan raised an error in skills_update file -- 2019-08-28_15-27-34
root - ERROR - nan raised an error in skills_update file -- 2019-08-28_15-27-34
root - ERROR - nan raised an error in skills_update file -- 2019-08-28_15-27-34
root - ERROR - nan raised an error in skills_update file -- 2019-08-28_15-27-34
root - ERROR - nan raised an error in skills_update file -- 2019-08-28_15-27-34
root - ERROR - nan raised an error in skills_update file -- 2019-08-28_15-27-34
root - ERROR - nan raised an error in skills_update file -- 2019-08-28_15-27-34
root - ERROR - nan raised an error in skills_update file -- 2019-08-28_15-27-34
root - ERROR - nan raised an error in skills_update file -- 2019-08-28_15-27-34
root - ERROR - nan raised an error in skills_update file -- 2019-08-28_15-27-34
root - ERROR - nan raised an error in skills_update file -- 2019-08-28_15-27-34
root - ERROR - nan raised an error in skills_update file -- 2019-08-28_15-27-34
root - ERROR - nan raised an error in skills_update file -- 2019-08-28_15-27-34
root - ERROR - nan raised an error in skills_update file -- 2019-08-28_15-27-34
root - ERROR - nan raised an error in skills_update file -- 2019-08-28_15-27-34
root - ERROR - nan raised an error in skills_update file -- 2019-08-28_15-27-34
root - ERROR - nan raised an error in skills_update file -- 2019-08-28_15-27-34
root - ERROR - nan raised an error in skills_update file -- 2019-08-28_15-27-34
root - ERROR - nan raised an error in skills_update file -- 2019-08-28_15-27-34
root - ERROR - nan raised an error in skills_update file -- 2019-08-28_15-27-34
root - ERROR - nan raised an error in skills_update file -- 2019-08-28_15-27-34
root - ERROR - nan raised an error in skills_update file -- 2019-08-28_15-27-34
root - ERROR - nan raised an error in skills_update file -- 2019-08-28_15-27-34
root - ERROR - nan raised an error in skills_update file -- 2019-08-28_15-27-34
root - ERROR - nan raised an error in skills_update file -- 2019-08-28_15-27-34
root - ERROR - nan raised an error in skills_update file -- 2019-08-28_15-27-34
root - ERROR - nan raised an error in skills_update file -- 2019-08-28_15-27-34
root - ERROR - nan raised an error in skills_update file -- 2019-08-28_15-27-34
root - ERROR - nan raised an error in skills_update file -- 2019-08-28_15-27-34
root - ERROR - nan raised an error in skills_update file -- 2019-08-28_15-27-34
root - ERROR - nan raised an error in skills_update file -- 2019-08-28_15-27-34
root - ERROR - nan raised an error in skills_update file -- 2019-08-28_15-27-34
root - ERROR - nan raised an error in skills_update file -- 2019-08-28_15-27-34
root - ERROR - nan raised an error in skills_update file -- 2019-08-28_15-27-34
root - ERROR - nan raised an error in skills_update file -- 2019-08-28_15-27-34
root - ERROR - nan raised an error in skills_update file -- 2019-08-28_15-27-34
root - ERROR - nan raised an error in skills_update file -- 2019-08-28_15-27-34
root - ERROR - nan raised an error in skills_update file -- 2019-08-28_15-27-34
root - ERROR - nan raised an error in skills_update file -- 2019-08-28_15-27-34
root - ERROR - nan raised an error in skills_update file -- 2019-08-28_15-27-34
root - ERROR - nan raised an error in skills_update file -- 2019-08-28_15-27-34
root - ERROR - nan raised an error in skills_update file -- 2019-08-28_15-27-34
root - ERROR - nan raised an error in skills_update file -- 2019-08-28_15-27-34
root - ERROR - nan raised an error in skills_update file -- 2019-08-28_15-27-34
root - ERROR - nan raised an error in skills_update file -- 2019-08-28_15-27-34
root - ERROR - nan raised an error in skills_update file -- 2019-08-28_15-27-34
root - ERROR - nan raised an error in skills_update file -- 2019-08-28_15-27-34
root - ERROR - nan raised an error in skills_update file -- 2019-08-28_15-27-34
root - ERROR - nan raised an error in skills_update file -- 2019-08-28_15-27-34
root - ERROR - nan raised an error in skills_update file -- 2019-08-28_15-27-34
root - ERROR - nan raised an error in skills_update file -- 2019-08-28_15-27-34
root - ERROR - nan raised an error in skills_update file -- 2019-08-28_15-27-34
root - ERROR - nan raised an error in skills_update file -- 2019-08-28_15-27-34
root - ERROR - nan raised an error in skills_update file -- 2019-08-28_15-27-34
root - ERROR - nan raised an error in skills_update file -- 2019-08-28_15-27-34
root - ERROR - nan raised an error in skills_update file -- 2019-08-28_15-27-34
root - ERROR - nan raised an error in skills_update file -- 2019-08-28_15-27-34
root - ERROR - nan raised an error in skills_update file -- 2019-08-28_15-27-34
root - ERROR - nan raised an error in skills_update file -- 2019-08-28_15-27-34
root - ERROR - nan raised an error in skills_update file -- 2019-08-28_15-27-34
root - ERROR - nan raised an error in skills_update file -- 2019-08-28_15-27-34
root - ERROR - nan raised an error in skills_update file -- 2019-08-28_15-27-34
root - ERROR - nan raised an error in skills_update file -- 2019-08-28_15-27-34
root - ERROR - nan raised an error in skills_update file -- 2019-08-28_15-27-34
root - ERROR - nan raised an error in skills_update file -- 2019-08-28_15-27-34
root - ERROR - nan raised an error in skills_update file -- 2019-08-28_15-27-34
root - ERROR - nan raised an error in skills_update file -- 2019-08-28_15-27-34
root - ERROR - nan raised an error in skills_update file -- 2019-08-28_15-27-34
root - ERROR - nan raised an error in skills_update file -- 2019-08-28_15-27-34
root - ERROR - nan raised an error in skills_update file -- 2019-08-28_15-27-34
root - ERROR - nan raised an error in skills_update file -- 2019-08-28_15-27-34
root - ERROR - nan raised an error in skills_update file -- 2019-08-28_15-27-34
root - ERROR - nan raised an error in skills_update file -- 2019-08-28_15-27-34
root - ERROR - nan raised an error in skills_update file -- 2019-08-28_15-27-34
root - ERROR - nan raised an error in skills_update file -- 2019-08-28_15-27-34
root - ERROR - nan raised an error in skills_update file -- 2019-08-28_15-27-34
root - ERROR - nan raised an error in skills_update file -- 2019-08-28_15-27-34
root - ERROR - nan raised an error in skills_update file -- 2019-08-28_15-27-34
root - ERROR - nan raised an error in skills_update file -- 2019-08-28_15-27-34
root - ERROR - nan raised an error in skills_update file -- 2019-08-28_15-27-34
root - ERROR - nan raised an error in skills_update file -- 2019-08-28_15-27-34
root - ERROR - nan raised an error in skills_update file -- 2019-08-28_15-27-34
root - ERROR - nan raised an error in skills_update file -- 2019-08-28_15-27-34
root - ERROR - nan raised an error in skills_update file -- 2019-08-28_15-27-34
root - ERROR - nan raised an error in skills_update file -- 2019-08-28_15-27-34
root - ERROR - nan raised an error in skills_update file -- 2019-08-28_15-27-34
root - ERROR - nan raised an error in skills_update file -- 2019-08-28_15-27-34
root - ERROR - nan raised an error in skills_update file -- 2019-08-28_15-27-34
root - ERROR - nan raised an error in skills_update file -- 2019-08-28_15-27-34
root - ERROR - nan raised an error in skills_update file -- 2019-08-28_15-27-34
root - ERROR - nan raised an error in skills_update file -- 2019-08-28_15-27-34
root - ERROR - nan raised an error in skills_update file -- 2019-08-28_15-27-34
root - ERROR - nan raised an error in skills_update file -- 2019-08-28_15-27-34
root - ERROR - nan raised an error in skills_update file -- 2019-08-28_15-27-34
root - ERROR - nan raised an error in skills_update file -- 2019-08-28_15-27-34
root - ERROR - nan raised an error in skills_update file -- 2019-08-28_15-27-34
root - ERROR - nan raised an error in skills_update file -- 2019-08-28_15-27-34
root - ERROR - nan raised an error in skills_update file -- 2019-08-28_15-27-34
root - ERROR - nan raised an error in skills_update file -- 2019-08-28_15-27-34
root - ERROR - nan raised an error in skills_update file -- 2019-08-28_15-27-34
root - ERROR - nan raised an error in skills_update file -- 2019-08-28_15-27-34
root - ERROR - nan raised an error in skills_update file -- 2019-08-28_15-27-34
root - ERROR - nan raised an error in skills_update file -- 2019-08-28_15-27-34
root - ERROR - nan raised an error in skills_update file -- 2019-08-28_15-27-34
root - ERROR - nan raised an error in skills_update file -- 2019-08-28_15-27-34
root - ERROR - nan raised an error in skills_update file -- 2019-08-28_15-27-34
root - ERROR - nan raised an error in skills_update file -- 2019-08-28_15-27-34
root - ERROR - nan raised an error in skills_update file -- 2019-08-28_15-27-34
root - ERROR - nan raised an error in skills_update file -- 2019-08-28_15-27-34
root - ERROR - nan raised an error in skills_update file -- 2019-08-28_15-27-34
root - ERROR - nan raised an error in skills_update file -- 2019-08-28_15-27-34
root - ERROR - nan raised an error in skills_update file -- 2019-08-28_15-27-34
root - ERROR - nan raised an error in skills_update file -- 2019-08-28_15-27-34
root - ERROR - nan raised an error in skills_update file -- 2019-08-28_15-27-34
root - ERROR - nan raised an error in skills_update file -- 2019-08-28_15-27-34
root - ERROR - nan raised an error in skills_update file -- 2019-08-28_15-27-34
root - ERROR - nan raised an error in skills_update file -- 2019-08-28_15-27-34
root - ERROR - nan raised an error in skills_update file -- 2019-08-28_15-27-34
root - ERROR - nan raised an error in skills_update file -- 2019-08-28_15-27-34
root - ERROR - nan raised an error in skills_update file -- 2019-08-28_15-27-34
root - ERROR - nan raised an error in skills_update file -- 2019-08-28_15-27-34
root - ERROR - nan raised an error in skills_update file -- 2019-08-28_15-27-34
root - ERROR - nan raised an error in skills_update file -- 2019-08-28_15-27-34
root - ERROR - nan raised an error in skills_update file -- 2019-08-28_15-27-34
root - ERROR - nan raised an error in skills_update file -- 2019-08-28_15-27-34
root - ERROR - nan raised an error in skills_update file -- 2019-08-28_15-27-34
root - ERROR - nan raised an error in skills_update file -- 2019-08-28_15-27-34
root - ERROR - nan raised an error in skills_update file -- 2019-08-28_15-27-34
root - ERROR - nan raised an error in skills_update file -- 2019-08-28_15-27-34
root - ERROR - nan raised an error in skills_update file -- 2019-08-28_15-27-34
root - ERROR - nan raised an error in skills_update file -- 2019-08-28_15-27-34
root - ERROR - nan raised an error in skills_update file -- 2019-08-28_15-27-34
root - ERROR - nan raised an error in skills_update file -- 2019-08-28_15-27-34
root - ERROR - nan raised an error in skills_update file -- 2019-08-28_15-27-34
root - ERROR - nan raised an error in skills_update file -- 2019-08-28_15-27-34
root - ERROR - nan raised an error in skills_update file -- 2019-08-28_15-27-34
root - ERROR - nan raised an error in skills_update file -- 2019-08-28_15-27-34
root - ERROR - nan raised an error in skills_update file -- 2019-08-28_15-27-34
root - ERROR - nan raised an error in skills_update file -- 2019-08-28_15-27-34
root - ERROR - nan raised an error in skills_update file -- 2019-08-28_15-27-34
root - ERROR - nan raised an error in skills_update file -- 2019-08-28_15-27-34
root - ERROR - nan raised an error in skills_update file -- 2019-08-28_15-27-34
root - ERROR - nan raised an error in skills_update file -- 2019-08-28_15-27-34
root - ERROR - nan raised an error in skills_update file -- 2019-08-28_15-27-34
root - ERROR - nan raised an error in skills_update file -- 2019-08-28_15-27-34
root - ERROR - nan raised an error in skills_update file -- 2019-08-28_15-27-34
root - ERROR - nan raised an error in skills_update file -- 2019-08-28_15-27-34
root - ERROR - nan raised an error in skills_update file -- 2019-08-28_15-27-34
root - ERROR - nan raised an error in skills_update file -- 2019-08-28_15-27-34
root - ERROR - nan raised an error in skills_update file -- 2019-08-28_15-27-34
root - ERROR - nan raised an error in skills_update file -- 2019-08-28_15-27-34
root - ERROR - nan raised an error in skills_update file -- 2019-08-28_15-27-34
root - ERROR - nan raised an error in skills_update file -- 2019-08-28_15-27-34
root - ERROR - nan raised an error in skills_update file -- 2019-08-28_15-27-34
root - ERROR - nan raised an error in skills_update file -- 2019-08-28_15-27-34
root - ERROR - nan raised an error in skills_update file -- 2019-08-28_15-27-34
root - ERROR - nan raised an error in skills_update file -- 2019-08-28_15-27-34
root - ERROR - nan raised an error in skills_update file -- 2019-08-28_15-27-34
root - ERROR - nan raised an error in skills_update file -- 2019-08-28_15-27-34
root - ERROR - nan raised an error in skills_update file -- 2019-08-28_15-27-34
root - ERROR - nan raised an error in skills_update file -- 2019-08-28_15-27-34
root - ERROR - nan raised an error in skills_update file -- 2019-08-28_15-27-34
root - ERROR - nan raised an error in skills_update file -- 2019-08-28_15-27-34
root - ERROR - nan raised an error in skills_update file -- 2019-08-28_15-27-34
root - ERROR - nan raised an error in skills_update file -- 2019-08-28_15-27-34
root - ERROR - nan raised an error in skills_update file -- 2019-08-28_15-27-34
root - ERROR - nan raised an error in skills_update file -- 2019-08-28_15-27-34
root - ERROR - nan raised an error in skills_update file -- 2019-08-28_15-27-34
root - ERROR - nan raised an error in skills_update file -- 2019-08-28_15-27-34
root - ERROR - nan raised an error in skills_update file -- 2019-08-28_15-27-34
root - ERROR - nan raised an error in skills_update file -- 2019-08-28_15-27-34
root - ERROR - nan raised an error in skills_update file -- 2019-08-28_15-27-34
root - ERROR - nan raised an error in skills_update file -- 2019-08-28_15-27-34
root - ERROR - nan raised an error in skills_update file -- 2019-08-28_15-27-34
root - ERROR - nan raised an error in skills_update file -- 2019-08-28_15-27-34
root - ERROR - nan raised an error in skills_update file -- 2019-08-28_15-27-34
root - ERROR - nan raised an error in skills_update file -- 2019-08-28_15-27-34
root - ERROR - nan raised an error in skills_update file -- 2019-08-28_15-27-34
root - ERROR - nan raised an error in skills_update file -- 2019-08-28_15-27-34
root - ERROR - nan raised an error in skills_update file -- 2019-08-28_15-27-34
root - ERROR - nan raised an error in skills_update file -- 2019-08-28_15-27-34
root - ERROR - nan raised an error in skills_update file -- 2019-08-28_15-27-34
root - ERROR - nan raised an error in skills_update file -- 2019-08-28_15-27-34
root - ERROR - nan raised an error in skills_update file -- 2019-08-28_15-27-34
root - ERROR - nan raised an error in skills_update file -- 2019-08-28_15-27-34
root - ERROR - nan raised an error in skills_update file -- 2019-08-28_15-27-34
root - ERROR - nan raised an error in skills_update file -- 2019-08-28_15-27-34
root - ERROR - nan raised an error in skills_update file -- 2019-08-28_15-27-34
root - ERROR - nan raised an error in skills_update file -- 2019-08-28_15-27-34
root - ERROR - nan raised an error in skills_update file -- 2019-08-28_15-27-34
root - ERROR - nan raised an error in skills_update file -- 2019-08-28_15-27-34
root - ERROR - nan raised an error in skills_update file -- 2019-08-28_15-27-34
root - ERROR - nan raised an error in skills_update file -- 2019-08-28_15-27-34
root - ERROR - nan raised an error in skills_update file -- 2019-08-28_15-27-34
root - ERROR - nan raised an error in skills_update file -- 2019-08-28_15-27-34
root - ERROR - nan raised an error in skills_update file -- 2019-08-28_15-27-34
root - ERROR - nan raised an error in skills_update file -- 2019-08-28_15-27-34
root - ERROR - nan raised an error in skills_update file -- 2019-08-28_15-27-34
root - ERROR - nan raised an error in skills_update file -- 2019-08-28_15-27-34
root - ERROR - nan raised an error in skills_update file -- 2019-08-28_15-27-34
root - ERROR - nan raised an error in skills_update file -- 2019-08-28_15-27-34
root - ERROR - nan raised an error in skills_update file -- 2019-08-28_15-27-34
root - ERROR - nan raised an error in skills_update file -- 2019-08-28_15-27-34
root - ERROR - nan raised an error in skills_update file -- 2019-08-28_15-27-34
root - ERROR - nan raised an error in skills_update file -- 2019-08-28_15-27-34
root - ERROR - nan raised an error in skills_update file -- 2019-08-28_15-27-34
root - ERROR - nan raised an error in skills_update file -- 2019-08-28_15-27-34
root - ERROR - nan raised an error in skills_update file -- 2019-08-28_15-27-34
root - ERROR - nan raised an error in skills_update file -- 2019-08-28_15-27-34
root - ERROR - nan raised an error in skills_update file -- 2019-08-28_15-27-34
root - ERROR - nan raised an error in skills_update file -- 2019-08-28_15-27-34
root - ERROR - nan raised an error in skills_update file -- 2019-08-28_15-27-34
root - ERROR - nan raised an error in skills_update file -- 2019-08-28_15-27-34
root - ERROR - nan raised an error in skills_update file -- 2019-08-28_15-27-34
root - ERROR - nan raised an error in skills_update file -- 2019-08-28_15-27-34
root - ERROR - nan raised an error in skills_update file -- 2019-08-28_15-27-34
root - ERROR - nan raised an error in skills_update file -- 2019-08-28_15-27-34
root - ERROR - nan raised an error in skills_update file -- 2019-08-28_15-27-34
root - ERROR - nan raised an error in skills_update file -- 2019-08-28_15-27-34
root - ERROR - nan raised an error in skills_update file -- 2019-08-28_15-27-34
root - ERROR - nan raised an error in skills_update file -- 2019-08-28_15-27-34
root - ERROR - nan raised an error in skills_update file -- 2019-08-28_15-33-53
root - ERROR - nan raised an error in skills_update file -- 2019-08-28_15-33-53
root - ERROR - nan raised an error in skills_update file -- 2019-08-28_15-33-53
root - ERROR - nan raised an error in skills_update file -- 2019-08-28_15-33-53
root - ERROR - nan raised an error in skills_update file -- 2019-08-28_15-33-53
root - ERROR - nan raised an error in skills_update file -- 2019-08-28_15-33-53
root - ERROR - nan raised an error in skills_update file -- 2019-08-28_15-33-53
root - ERROR - nan raised an error in skills_update file -- 2019-08-28_15-33-53
root - ERROR - nan raised an error in skills_update file -- 2019-08-28_15-33-53
root - ERROR - nan raised an error in skills_update file -- 2019-08-28_15-33-53
root - ERROR - nan raised an error in skills_update file -- 2019-08-28_15-33-53
root - ERROR - nan raised an error in skills_update file -- 2019-08-28_15-33-53
root - ERROR - nan raised an error in skills_update file -- 2019-08-28_15-33-53
root - ERROR - nan raised an error in skills_update file -- 2019-08-28_15-33-53
root - ERROR - nan raised an error in skills_update file -- 2019-08-28_15-33-53
root - ERROR - nan raised an error in skills_update file -- 2019-08-28_15-33-53
root - ERROR - nan raised an error in skills_update file -- 2019-08-28_15-33-53
root - ERROR - nan raised an error in skills_update file -- 2019-08-28_15-33-53
root - ERROR - nan raised an error in skills_update file -- 2019-08-28_15-33-53
root - ERROR - nan raised an error in skills_update file -- 2019-08-28_15-33-53
root - ERROR - nan raised an error in skills_update file -- 2019-08-28_15-33-53
root - ERROR - nan raised an error in skills_update file -- 2019-08-28_15-33-53
root - ERROR - nan raised an error in skills_update file -- 2019-08-28_15-33-53
root - ERROR - nan raised an error in skills_update file -- 2019-08-28_15-33-53
root - ERROR - nan raised an error in skills_update file -- 2019-08-28_15-33-53
root - ERROR - nan raised an error in skills_update file -- 2019-08-28_15-33-53
root - ERROR - nan raised an error in skills_update file -- 2019-08-28_15-33-53
root - ERROR - nan raised an error in skills_update file -- 2019-08-28_15-33-53
root - ERROR - nan raised an error in skills_update file -- 2019-08-28_15-33-53
root - ERROR - nan raised an error in skills_update file -- 2019-08-28_15-33-53
root - ERROR - nan raised an error in skills_update file -- 2019-08-28_15-33-53
root - ERROR - nan raised an error in skills_update file -- 2019-08-28_15-33-53
root - ERROR - nan raised an error in skills_update file -- 2019-08-28_15-33-53
root - ERROR - nan raised an error in skills_update file -- 2019-08-28_15-33-53
root - ERROR - nan raised an error in skills_update file -- 2019-08-28_15-33-53
root - ERROR - nan raised an error in skills_update file -- 2019-08-28_15-33-53
root - ERROR - nan raised an error in skills_update file -- 2019-08-28_15-33-53
root - ERROR - nan raised an error in skills_update file -- 2019-08-28_15-33-53
root - ERROR - nan raised an error in skills_update file -- 2019-08-28_15-33-53
root - ERROR - nan raised an error in skills_update file -- 2019-08-28_15-33-53
root - ERROR - nan raised an error in skills_update file -- 2019-08-28_15-33-53
root - ERROR - nan raised an error in skills_update file -- 2019-08-28_15-33-53
root - ERROR - nan raised an error in skills_update file -- 2019-08-28_15-33-53
root - ERROR - nan raised an error in skills_update file -- 2019-08-28_15-33-53
root - ERROR - nan raised an error in skills_update file -- 2019-08-28_15-33-53
root - ERROR - nan raised an error in skills_update file -- 2019-08-28_15-33-53
root - ERROR - nan raised an error in skills_update file -- 2019-08-28_15-33-53
root - ERROR - nan raised an error in skills_update file -- 2019-08-28_15-33-53
root - ERROR - nan raised an error in skills_update file -- 2019-08-28_15-33-53
root - ERROR - nan raised an error in skills_update file -- 2019-08-28_15-33-53
root - ERROR - nan raised an error in skills_update file -- 2019-08-28_15-33-53
root - ERROR - nan raised an error in skills_update file -- 2019-08-28_15-33-53
root - ERROR - nan raised an error in skills_update file -- 2019-08-28_15-33-53
root - ERROR - nan raised an error in skills_update file -- 2019-08-28_15-33-53
root - ERROR - nan raised an error in skills_update file -- 2019-08-28_15-33-53
root - ERROR - nan raised an error in skills_update file -- 2019-08-28_15-33-53
root - ERROR - nan raised an error in skills_update file -- 2019-08-28_15-33-53
root - ERROR - nan raised an error in skills_update file -- 2019-08-28_15-33-53
root - ERROR - nan raised an error in skills_update file -- 2019-08-28_15-33-53
root - ERROR - nan raised an error in skills_update file -- 2019-08-28_15-33-53
root - ERROR - nan raised an error in skills_update file -- 2019-08-28_15-33-53
root - ERROR - nan raised an error in skills_update file -- 2019-08-28_15-33-53
root - ERROR - nan raised an error in skills_update file -- 2019-08-28_15-33-53
root - ERROR - nan raised an error in skills_update file -- 2019-08-28_15-33-53
root - ERROR - nan raised an error in skills_update file -- 2019-08-28_15-33-53
root - ERROR - nan raised an error in skills_update file -- 2019-08-28_15-33-53
root - ERROR - nan raised an error in skills_update file -- 2019-08-28_15-33-53
root - ERROR - nan raised an error in skills_update file -- 2019-08-28_15-33-53
root - ERROR - nan raised an error in skills_update file -- 2019-08-28_15-33-53
root - ERROR - nan raised an error in skills_update file -- 2019-08-28_15-33-53
root - ERROR - nan raised an error in skills_update file -- 2019-08-28_15-33-53
root - ERROR - nan raised an error in skills_update file -- 2019-08-28_15-33-53
root - ERROR - nan raised an error in skills_update file -- 2019-08-28_15-33-53
root - ERROR - nan raised an error in skills_update file -- 2019-08-28_15-33-53
root - ERROR - nan raised an error in skills_update file -- 2019-08-28_15-33-53
root - ERROR - nan raised an error in skills_update file -- 2019-08-28_15-33-53
root - ERROR - nan raised an error in skills_update file -- 2019-08-28_15-33-53
root - ERROR - nan raised an error in skills_update file -- 2019-08-28_15-33-53
root - ERROR - nan raised an error in skills_update file -- 2019-08-28_15-33-53
root - ERROR - nan raised an error in skills_update file -- 2019-08-28_15-33-53
root - ERROR - nan raised an error in skills_update file -- 2019-08-28_15-33-53
root - ERROR - nan raised an error in skills_update file -- 2019-08-28_15-33-53
root - ERROR - nan raised an error in skills_update file -- 2019-08-28_15-33-53
root - ERROR - nan raised an error in skills_update file -- 2019-08-28_15-33-53
root - ERROR - nan raised an error in skills_update file -- 2019-08-28_15-33-53
root - ERROR - nan raised an error in skills_update file -- 2019-08-28_15-33-53
root - ERROR - nan raised an error in skills_update file -- 2019-08-28_15-33-53
root - ERROR - nan raised an error in skills_update file -- 2019-08-28_15-33-53
root - ERROR - nan raised an error in skills_update file -- 2019-08-28_15-33-53
root - ERROR - nan raised an error in skills_update file -- 2019-08-28_15-33-53
root - ERROR - nan raised an error in skills_update file -- 2019-08-28_15-33-53
root - ERROR - nan raised an error in skills_update file -- 2019-08-28_15-33-53
root - ERROR - nan raised an error in skills_update file -- 2019-08-28_15-33-53
root - ERROR - nan raised an error in skills_update file -- 2019-08-28_15-33-53
root - ERROR - nan raised an error in skills_update file -- 2019-08-28_15-33-53
root - ERROR - nan raised an error in skills_update file -- 2019-08-28_15-33-53
root - ERROR - nan raised an error in skills_update file -- 2019-08-28_15-33-53
root - ERROR - nan raised an error in skills_update file -- 2019-08-28_15-33-53
root - ERROR - nan raised an error in skills_update file -- 2019-08-28_15-33-53
root - ERROR - nan raised an error in skills_update file -- 2019-08-28_15-33-53
root - ERROR - nan raised an error in skills_update file -- 2019-08-28_15-33-53
root - ERROR - nan raised an error in skills_update file -- 2019-08-28_15-33-53
root - ERROR - nan raised an error in skills_update file -- 2019-08-28_15-33-53
root - ERROR - nan raised an error in skills_update file -- 2019-08-28_15-33-53
root - ERROR - nan raised an error in skills_update file -- 2019-08-28_15-33-53
root - ERROR - nan raised an error in skills_update file -- 2019-08-28_15-33-53
root - ERROR - nan raised an error in skills_update file -- 2019-08-28_15-33-53
root - ERROR - nan raised an error in skills_update file -- 2019-08-28_15-33-53
root - ERROR - nan raised an error in skills_update file -- 2019-08-28_15-33-53
root - ERROR - nan raised an error in skills_update file -- 2019-08-28_15-33-53
root - ERROR - nan raised an error in skills_update file -- 2019-08-28_15-33-53
root - ERROR - nan raised an error in skills_update file -- 2019-08-28_15-33-53
root - ERROR - nan raised an error in skills_update file -- 2019-08-28_15-33-53
root - ERROR - nan raised an error in skills_update file -- 2019-08-28_15-33-53
root - ERROR - nan raised an error in skills_update file -- 2019-08-28_15-33-53
root - ERROR - nan raised an error in skills_update file -- 2019-08-28_15-33-53
root - ERROR - nan raised an error in skills_update file -- 2019-08-28_15-33-53
root - ERROR - nan raised an error in skills_update file -- 2019-08-28_15-33-53
root - ERROR - nan raised an error in skills_update file -- 2019-08-28_15-33-53
root - ERROR - nan raised an error in skills_update file -- 2019-08-28_15-33-53
root - ERROR - nan raised an error in skills_update file -- 2019-08-28_15-33-53
root - ERROR - nan raised an error in skills_update file -- 2019-08-28_15-33-53
root - ERROR - nan raised an error in skills_update file -- 2019-08-28_15-33-53
root - ERROR - nan raised an error in skills_update file -- 2019-08-28_15-33-53
root - ERROR - nan raised an error in skills_update file -- 2019-08-28_15-33-53
root - ERROR - nan raised an error in skills_update file -- 2019-08-28_15-33-53
root - ERROR - nan raised an error in skills_update file -- 2019-08-28_15-33-53
root - ERROR - nan raised an error in skills_update file -- 2019-08-28_15-33-53
root - ERROR - nan raised an error in skills_update file -- 2019-08-28_15-33-53
root - ERROR - nan raised an error in skills_update file -- 2019-08-28_15-33-53
root - ERROR - nan raised an error in skills_update file -- 2019-08-28_15-33-53
root - ERROR - nan raised an error in skills_update file -- 2019-08-28_15-33-53
root - ERROR - nan raised an error in skills_update file -- 2019-08-28_15-33-53
root - ERROR - nan raised an error in skills_update file -- 2019-08-28_15-33-53
root - ERROR - nan raised an error in skills_update file -- 2019-08-28_15-33-53
root - ERROR - nan raised an error in skills_update file -- 2019-08-28_15-33-53
root - ERROR - nan raised an error in skills_update file -- 2019-08-28_15-33-53
root - ERROR - nan raised an error in skills_update file -- 2019-08-28_15-33-53
root - ERROR - nan raised an error in skills_update file -- 2019-08-28_15-33-53
root - ERROR - nan raised an error in skills_update file -- 2019-08-28_15-33-53
root - ERROR - nan raised an error in skills_update file -- 2019-08-28_15-33-53
root - ERROR - nan raised an error in skills_update file -- 2019-08-28_15-33-53
root - ERROR - nan raised an error in skills_update file -- 2019-08-28_15-33-53
root - ERROR - nan raised an error in skills_update file -- 2019-08-28_15-33-53
root - ERROR - nan raised an error in skills_update file -- 2019-08-28_15-33-53
root - ERROR - nan raised an error in skills_update file -- 2019-08-28_15-33-53
root - ERROR - nan raised an error in skills_update file -- 2019-08-28_15-33-53
root - ERROR - nan raised an error in skills_update file -- 2019-08-28_15-33-53
root - ERROR - nan raised an error in skills_update file -- 2019-08-28_15-33-53
root - ERROR - nan raised an error in skills_update file -- 2019-08-28_15-33-53
root - ERROR - nan raised an error in skills_update file -- 2019-08-28_15-33-53
root - ERROR - nan raised an error in skills_update file -- 2019-08-28_15-33-53
root - ERROR - nan raised an error in skills_update file -- 2019-08-28_15-33-53
root - ERROR - nan raised an error in skills_update file -- 2019-08-28_15-33-53
root - ERROR - nan raised an error in skills_update file -- 2019-08-28_15-33-53
root - ERROR - nan raised an error in skills_update file -- 2019-08-28_15-33-53
root - ERROR - nan raised an error in skills_update file -- 2019-08-28_15-33-53
root - ERROR - nan raised an error in skills_update file -- 2019-08-28_15-33-53
root - ERROR - nan raised an error in skills_update file -- 2019-08-28_15-33-53
root - ERROR - nan raised an error in skills_update file -- 2019-08-28_15-33-53
root - ERROR - nan raised an error in skills_update file -- 2019-08-28_15-33-53
root - ERROR - nan raised an error in skills_update file -- 2019-08-28_15-33-53
root - ERROR - nan raised an error in skills_update file -- 2019-08-28_15-33-53
root - ERROR - nan raised an error in skills_update file -- 2019-08-28_15-33-53
root - ERROR - nan raised an error in skills_update file -- 2019-08-28_15-33-53
root - ERROR - nan raised an error in skills_update file -- 2019-08-28_15-33-53
root - ERROR - nan raised an error in skills_update file -- 2019-08-28_15-33-53
root - ERROR - nan raised an error in skills_update file -- 2019-08-28_15-33-53
root - ERROR - nan raised an error in skills_update file -- 2019-08-28_15-33-53
root - ERROR - nan raised an error in skills_update file -- 2019-08-28_15-33-53
root - ERROR - nan raised an error in skills_update file -- 2019-08-28_15-33-53
root - ERROR - nan raised an error in skills_update file -- 2019-08-28_15-33-53
root - ERROR - nan raised an error in skills_update file -- 2019-08-28_15-33-53
root - ERROR - nan raised an error in skills_update file -- 2019-08-28_15-33-53
root - ERROR - nan raised an error in skills_update file -- 2019-08-28_15-33-53
root - ERROR - nan raised an error in skills_update file -- 2019-08-28_15-33-53
root - ERROR - nan raised an error in skills_update file -- 2019-08-28_15-33-53
root - ERROR - nan raised an error in skills_update file -- 2019-08-28_15-33-53
root - ERROR - nan raised an error in skills_update file -- 2019-08-28_15-33-53
root - ERROR - nan raised an error in skills_update file -- 2019-08-28_15-33-53
root - ERROR - nan raised an error in skills_update file -- 2019-08-28_15-33-53
root - ERROR - nan raised an error in skills_update file -- 2019-08-28_15-33-53
root - ERROR - nan raised an error in skills_update file -- 2019-08-28_15-33-53
root - ERROR - nan raised an error in skills_update file -- 2019-08-28_15-33-53
root - ERROR - nan raised an error in skills_update file -- 2019-08-28_15-33-53
root - ERROR - nan raised an error in skills_update file -- 2019-08-28_15-33-53
root - ERROR - nan raised an error in skills_update file -- 2019-08-28_15-33-53
root - ERROR - nan raised an error in skills_update file -- 2019-08-28_15-33-53
root - ERROR - nan raised an error in skills_update file -- 2019-08-28_15-33-53
root - ERROR - nan raised an error in skills_update file -- 2019-08-28_15-33-53
root - ERROR - nan raised an error in skills_update file -- 2019-08-28_15-33-53
root - ERROR - nan raised an error in skills_update file -- 2019-08-28_15-33-53
root - ERROR - nan raised an error in skills_update file -- 2019-08-28_15-33-53
root - ERROR - nan raised an error in skills_update file -- 2019-08-28_15-33-53
root - ERROR - nan raised an error in skills_update file -- 2019-08-28_15-33-53
root - ERROR - nan raised an error in skills_update file -- 2019-08-28_15-33-53
root - ERROR - nan raised an error in skills_update file -- 2019-08-28_15-33-53
root - ERROR - nan raised an error in skills_update file -- 2019-08-28_15-33-53
root - ERROR - nan raised an error in skills_update file -- 2019-08-28_15-33-53
root - ERROR - nan raised an error in skills_update file -- 2019-08-28_15-33-53
root - ERROR - nan raised an error in skills_update file -- 2019-08-28_15-33-53
root - ERROR - nan raised an error in skills_update file -- 2019-08-28_15-33-53
root - ERROR - nan raised an error in skills_update file -- 2019-08-28_15-33-53
root - ERROR - nan raised an error in skills_update file -- 2019-08-28_15-33-53
root - ERROR - nan raised an error in skills_update file -- 2019-08-28_15-33-53
root - ERROR - nan raised an error in skills_update file -- 2019-08-28_15-33-53
root - ERROR - nan raised an error in skills_update file -- 2019-08-28_15-33-53
root - ERROR - nan raised an error in skills_update file -- 2019-08-28_15-33-53
root - ERROR - nan raised an error in skills_update file -- 2019-08-28_15-33-53
root - ERROR - nan raised an error in skills_update file -- 2019-08-28_15-33-53
root - ERROR - nan raised an error in skills_update file -- 2019-08-28_15-33-53
root - ERROR - nan raised an error in skills_update file -- 2019-08-28_15-33-53
root - ERROR - nan raised an error in skills_update file -- 2019-08-28_15-33-53
root - ERROR - nan raised an error in skills_update file -- 2019-08-28_15-33-53
root - ERROR - nan raised an error in skills_update file -- 2019-08-28_15-33-53
root - ERROR - nan raised an error in skills_update file -- 2019-08-28_15-33-53
root - ERROR - nan raised an error in skills_update file -- 2019-08-28_15-33-53
root - ERROR - nan raised an error in skills_update file -- 2019-08-28_15-33-53
root - ERROR - nan raised an error in skills_update file -- 2019-08-28_15-33-53
root - ERROR - nan raised an error in skills_update file -- 2019-08-28_15-33-53
root - ERROR - nan raised an error in skills_update file -- 2019-08-28_15-33-53
root - ERROR - nan raised an error in skills_update file -- 2019-08-28_15-33-53
root - ERROR - 0069-CC03 raised an error in skills_update file -- 2019-08-29_08-09-25
root - ERROR - nan raised an error in skills_update file -- 2019-08-29_08-09-25
root - ERROR - nan raised an error in skills_update file -- 2019-08-29_08-09-25
root - ERROR - nan raised an error in skills_update file -- 2019-08-29_08-09-25
root - ERROR - nan raised an error in skills_update file -- 2019-08-29_08-09-25
root - ERROR - 0069-CC03 raised an error in skills_update file -- 2019-08-29_08-13-38
root - ERROR - nan raised an error in skills_update file -- 2019-08-29_08-13-38
root - ERROR - nan raised an error in skills_update file -- 2019-08-29_08-13-38
root - ERROR - nan raised an error in skills_update file -- 2019-08-29_08-13-38
root - ERROR - nan raised an error in skills_update file -- 2019-08-29_08-13-38
root - ERROR - nan raised an error in skills_update file -- 2019-08-29_08-23-14
root - ERROR - nan raised an error in skills_update file -- 2019-08-29_08-23-14
root - ERROR - nan raised an error in skills_update file -- 2019-08-29_08-23-14
root - ERROR - nan raised an error in skills_update file -- 2019-08-29_08-23-14
root - ERROR - nan raised an error in skills_update file -- 2019-08-29_08-30-44
root - ERROR - nan raised an error in skills_update file -- 2019-08-29_08-30-44
root - ERROR - nan raised an error in skills_update file -- 2019-08-29_08-30-44
root - ERROR - nan raised an error in skills_update file -- 2019-08-29_08-30-44
root - ERROR - nan raised an error in skills_update file -- 2019-08-29_08-30-44
root - ERROR - nan raised an error in skills_update file -- 2019-08-29_08-30-44
root - ERROR - nan raised an error in skills_update file -- 2019-08-29_08-30-44
root - ERROR - nan raised an error in skills_update file -- 2019-08-29_08-30-44
root - ERROR - nan raised an error in skills_update file -- 2019-08-29_08-30-44
root - ERROR - 0069-CC03 raised an error in skills_update file -- 2019-08-29_08-43-17
root - ERROR - nan raised an error in skills_update file -- 2019-08-29_08-43-17
root - ERROR - nan raised an error in skills_update file -- 2019-08-29_08-43-17
root - ERROR - nan raised an error in skills_update file -- 2019-08-29_08-43-17
root - ERROR - nan raised an error in skills_update file -- 2019-08-29_08-43-17
root - ERROR - nan raised an error in skills_update file -- 2019-08-29_08-48-15
root - ERROR - nan raised an error in skills_update file -- 2019-08-29_08-48-15
root - ERROR - nan raised an error in skills_update file -- 2019-08-29_08-48-15
root - ERROR - nan raised an error in skills_update file -- 2019-08-29_08-48-15
root - ERROR - nan raised an error in skills_update file -- 2019-08-29_08-53-32
root - ERROR - nan raised an error in skills_update file -- 2019-08-29_08-53-32
root - ERROR - nan raised an error in skills_update file -- 2019-08-29_08-53-32
root - ERROR - nan raised an error in skills_update file -- 2019-08-29_08-53-32
root - ERROR - nan raised an error in skills_update file -- 2019-08-29_09-13-03
root - ERROR - nan raised an error in skills_update file -- 2019-08-29_09-13-03
root - ERROR - nan raised an error in skills_update file -- 2019-08-29_09-13-03
root - ERROR - nan raised an error in skills_update file -- 2019-08-29_09-13-03
root - ERROR - nan raised an error in skills_update file -- 2019-08-29_09-13-03
root - ERROR - nan raised an error in skills_update file -- 2019-08-29_09-13-03
root - ERROR - nan raised an error in skills_update file -- 2019-08-29_09-13-03
root - ERROR - nan raised an error in skills_update file -- 2019-08-29_09-13-03
root - ERROR - nan raised an error in skills_update file -- 2019-08-29_09-13-03
root - ERROR - 0057-CC07 raised an error in skills_update file -- 2019-09-03_12-11-02
root - ERROR - 0057-CC08 raised an error in skills_update file -- 2019-09-03_12-11-02
root - ERROR - 0057-CC07 raised an error in skills_update file -- 2019-09-03_12-11-02
root - ERROR - 0057-CC08 raised an error in skills_update file -- 2019-09-03_12-11-02
root - ERROR - IVIR-CC07 raised an error in skills_update file -- 2019-09-05_10-33-36
root - ERROR - IVIR-CC07 raised an error in skills_update file -- 2019-09-05_10-37-50
root - ERROR - IVIR-CC07 raised an error in skills_update file -- 2019-09-05_16-23-32
